<?xml version="1.0" encoding="UTF-8"?>
<!-- Generated by org.testng.reporters.JUnitReportReporter -->
<testsuite hostname="LAPTOP-BMLG1JR4" failures="0" tests="1" name="TestNG_eg.Day1" time="0.006" errors="0" timestamp="2022-10-26T23:06:10 IST" skipped="0">
  <testcase classname="TestNG_eg.Day1" name="Homeloan" time="0.006"/>
  <system-out/>
</testsuite> <!-- TestNG_eg.Day1 -->
