<?xml version="1.0" encoding="UTF-8"?>
<!-- Generated by org.testng.reporters.JUnitReportReporter -->
<testsuite hostname="LAPTOP-BMLG1JR4" failures="0" tests="1" name="ch14_Streams.Streams_Eg" time="0.015" errors="0" timestamp="2022-10-23T00:03:00 IST" skipped="0">
  <testcase classname="ch14_Streams.Streams_Eg" name="streamCollect" time="0.015"/>
  <system-out/>
</testsuite> <!-- ch14_Streams.Streams_Eg -->
